<?xml version="1.0" encoding="UTF-8"?>
<!-- Generated by org.testng.reporters.JUnitReportReporter -->
<testsuite skipped="0" hostname="Vijay-PC" name="Demo.TestDemo" tests="1" failures="0" timestamp="2020-03-27T22:23:18 IST" time="23.325" errors="0">
  <testcase name="Testdemo002" time="23.325" classname="Demo.TestDemo"/>
  <system-out/>
</testsuite> <!-- Demo.TestDemo -->
