<?xml version="1.0" encoding="UTF-8"?>
<!-- Generated by org.testng.reporters.JUnitReportReporter -->
<testsuite skipped="0" hostname="Vijay-PC" name="test.java.TestDemo" tests="3" failures="0" timestamp="28 Mar 2020 18:11:48 GMT" time="47.341" errors="0">
  <testcase name="Testdemo001" time="15.289" classname="test.java.TestDemo"/>
  <testcase name="Testdemo003" time="18.043" classname="test.java.TestDemo"/>
  <testcase name="Testdemo002" time="14.009" classname="test.java.TestDemo"/>
</testsuite> <!-- test.java.TestDemo -->
