<?xml version="1.0" encoding="UTF-8"?>
<!-- Generated by org.testng.reporters.JUnitReportReporter -->
<testsuite skipped="0" hostname="Vijay-PC" name="test.java.TestDemo" tests="2" failures="0" timestamp="27 Mar 2020 18:25:39 GMT" time="32.021" errors="0">
  <testcase name="Testdemo001" time="16.448" classname="test.java.TestDemo"/>
  <testcase name="Testdemo002" time="15.573" classname="test.java.TestDemo"/>
</testsuite> <!-- test.java.TestDemo -->
